<?xml version="1.0" encoding="UTF-8"?>
<testsuite name="CPTask4Tests" tests="1" skipped="0" failures="0" errors="0" timestamp="2022-11-18T19:32:13" hostname="DESKTOP-9TN79P0" time="0.408">
  <properties/>
  <testcase name="uploadTest()" classname="CPTask4Tests" time="0.408"/>
  <system-out><![CDATA[21:32:13.471 [Test worker] DEBUG reactor.util.Loggers - Using Slf4j logging framework
]]></system-out>
  <system-err><![CDATA[]]></system-err>
</testsuite>
