<?xml version="1.0" encoding="UTF-8"?>
<testsuite name="CommonOperatorsTask3Tests" tests="1" skipped="0" failures="0" errors="0" timestamp="2022-11-18T18:49:58" hostname="DESKTOP-9TN79P0" time="0.182">
  <properties/>
  <testcase name="testSolution()" classname="CommonOperatorsTask3Tests" time="0.182"/>
  <system-out><![CDATA[20:49:59.129 [Test worker] DEBUG reactor.util.Loggers - Using Slf4j logging framework
]]></system-out>
  <system-err><![CDATA[]]></system-err>
</testsuite>
