<?xml version="1.0" encoding="UTF-8"?>
<testsuite name="MultithreadingOperatorsTask5Tests" tests="2" skipped="0" failures="0" errors="0" timestamp="2022-11-18T19:06:12" hostname="DESKTOP-9TN79P0" time="1.734">
  <properties/>
  <testcase name="testSolution()" classname="MultithreadingOperatorsTask5Tests" time="0.708"/>
  <testcase name="testSolution1()" classname="MultithreadingOperatorsTask5Tests" time="1.026"/>
  <system-out><![CDATA[21:06:12.601 [Test worker] DEBUG reactor.util.Loggers - Using Slf4j logging framework
]]></system-out>
  <system-err><![CDATA[]]></system-err>
</testsuite>
