<?xml version="1.0" encoding="UTF-8"?>
<testsuite name="BackpressureTask4Tests" tests="1" skipped="0" failures="0" errors="0" timestamp="2022-11-18T19:08:29" hostname="DESKTOP-9TN79P0" time="0.199">
  <properties/>
  <testcase name="testSolution()" classname="BackpressureTask4Tests" time="0.199"/>
  <system-out><![CDATA[21:08:29.507 [Test worker] DEBUG reactor.util.Loggers - Using Slf4j logging framework
21:08:29.628 [Test worker] DEBUG reactor.core.publisher.Operators - onNextDropped: TestStatistic{query='test0'}
21:08:29.628 [Test worker] DEBUG reactor.core.publisher.Operators - onNextDropped: TestStatistic{query='test4'}
]]></system-out>
  <system-err><![CDATA[]]></system-err>
</testsuite>
