<?xml version="1.0" encoding="UTF-8"?>
<testsuite name="HnSTask2Tests" tests="2" skipped="0" failures="0" errors="0" timestamp="2022-11-18T19:22:05" hostname="DESKTOP-9TN79P0" time="0.312">
  <properties/>
  <testcase name="testSolution()" classname="HnSTask2Tests" time="0.294"/>
  <testcase name="testSolution2()" classname="HnSTask2Tests" time="0.017"/>
  <system-out><![CDATA[21:22:05.609 [Test worker] DEBUG reactor.util.Loggers - Using Slf4j logging framework
21:22:05.617 [Test worker] DEBUG reactor.core.publisher.Hooks - Hooking onEachOperator: HnSTask2Tests$$Lambda$331/0x0000000100219e80@63798ca7
21:22:05.743 [Test worker] DEBUG reactor.core.publisher.Hooks - Reset to factory defaults : onEachOperator
21:22:05.832 [Test worker] DEBUG reactor.core.publisher.Hooks - Hooking onEachOperator: HnSTask2Tests$$Lambda$376/0x000000010029e938@62435e70
21:22:05.846 [Test worker] DEBUG reactor.core.publisher.Hooks - Reset to factory defaults : onEachOperator
]]></system-out>
  <system-err><![CDATA[]]></system-err>
</testsuite>
