<?xml version="1.0" encoding="UTF-8"?>
<testsuite name="MultithreadingOperatorsTask4Tests" tests="1" skipped="0" failures="0" errors="0" timestamp="2022-11-18T19:05:38" hostname="DESKTOP-9TN79P0" time="1.304">
  <properties/>
  <testcase name="testSolution()" classname="MultithreadingOperatorsTask4Tests" time="1.304"/>
  <system-out><![CDATA[21:05:38.559 [Test worker] DEBUG reactor.util.Loggers - Using Slf4j logging framework
]]></system-out>
  <system-err><![CDATA[]]></system-err>
</testsuite>
