<?xml version="1.0" encoding="UTF-8"?>
<testsuite name="BackpressureTask1Tests" tests="1" skipped="0" failures="0" errors="0" timestamp="2022-11-18T19:07:28" hostname="DESKTOP-9TN79P0" time="0.239">
  <properties/>
  <testcase name="mergeSeveralSourcesTest()" classname="BackpressureTask1Tests" time="0.239"/>
  <system-out><![CDATA[21:07:28.175 [Test worker] DEBUG reactor.util.Loggers - Using Slf4j logging framework
21:07:28.217 [Test worker] DEBUG reactor.core.publisher.Hooks - Hooking new default : onErrorDropped
21:07:28.219 [Test worker] DEBUG reactor.core.publisher.Hooks - Hooking new default : onNextDropped
21:07:28.219 [Test worker] DEBUG reactor.core.publisher.Hooks - Hooking onOperatorError: reactor.test.DefaultStepVerifierBuilder$HookRecorder$$Lambda$358/0x000000010025a310@6475472c
21:07:28.236 [Test worker] DEBUG reactor.core.publisher.Hooks - Reset to factory defaults : onNextDropped
21:07:28.236 [Test worker] DEBUG reactor.core.publisher.Hooks - Reset to factory defaults : onErrorDropped
21:07:28.236 [Test worker] DEBUG reactor.core.publisher.Hooks - Reset to factory defaults : onOperatorError
]]></system-out>
  <system-err><![CDATA[]]></system-err>
</testsuite>
