<?xml version="1.0" encoding="UTF-8"?>
<testsuite name="TestingTask2Tests" tests="1" skipped="0" failures="0" errors="0" timestamp="2022-11-18T18:55:56" hostname="DESKTOP-9TN79P0" time="0.237">
  <properties/>
  <testcase name="testSolution()" classname="TestingTask2Tests" time="0.237"/>
  <system-out><![CDATA[20:55:56.301 [Thread-3] DEBUG reactor.util.Loggers - Using Slf4j logging framework
]]></system-out>
  <system-err><![CDATA[]]></system-err>
</testsuite>
