<?xml version="1.0" encoding="UTF-8"?>
<testsuite name="ResilienceTask2Tests" tests="3" skipped="0" failures="0" errors="0" timestamp="2022-11-18T19:12:40" hostname="DESKTOP-9TN79P0" time="0.179">
  <properties/>
  <testcase name="testSolution()" classname="ResilienceTask2Tests" time="0.176"/>
  <testcase name="testSolution1()" classname="ResilienceTask2Tests" time="0.001"/>
  <testcase name="testSolution2()" classname="ResilienceTask2Tests" time="0.001"/>
  <system-out><![CDATA[21:12:40.175 [Test worker] DEBUG reactor.util.Loggers - Using Slf4j logging framework
]]></system-out>
  <system-err><![CDATA[]]></system-err>
</testsuite>
