<?xml version="1.0" encoding="UTF-8"?>
<testsuite name="ContextTask2Tests" tests="1" skipped="0" failures="0" errors="0" timestamp="2022-11-18T19:09:53" hostname="DESKTOP-9TN79P0" time="0.216">
  <properties/>
  <testcase name="testSolution()" classname="ContextTask2Tests" time="0.216"/>
  <system-out><![CDATA[21:09:53.205 [Test worker] DEBUG reactor.util.Loggers - Using Slf4j logging framework
]]></system-out>
  <system-err><![CDATA[]]></system-err>
</testsuite>
