<?xml version="1.0" encoding="UTF-8"?>
<testsuite name="MultipleSourcesTask4Tests" tests="1" skipped="0" failures="0" errors="0" timestamp="2022-11-18T19:00:08" hostname="DESKTOP-9TN79P0" time="0.349">
  <properties/>
  <testcase name="testSolution()" classname="MultipleSourcesTask4Tests" time="0.349"/>
  <system-out><![CDATA[21:00:08.759 [Test worker] DEBUG reactor.util.Loggers - Using Slf4j logging framework
]]></system-out>
  <system-err><![CDATA[]]></system-err>
</testsuite>
