<?xml version="1.0" encoding="UTF-8"?>
<testsuite name="CryptoApplicationTests" tests="2" skipped="0" failures="0" errors="0" timestamp="2022-11-18T19:36:56" hostname="DESKTOP-9TN79P0" time="1.076">
  <properties/>
  <testcase name="verifyOutgoingStreamBackpressure()" classname="CryptoApplicationTests" time="0.841"/>
  <testcase name="verifyIncomingMessageValidation()" classname="CryptoApplicationTests" time="0.233"/>
  <system-out><![CDATA[21:36:56,962 |-INFO in ch.qos.logback.classic.LoggerContext[default] - Could NOT find resource [logback-test.xml]
21:36:56,963 |-INFO in ch.qos.logback.classic.LoggerContext[default] - Could NOT find resource [logback.groovy]
21:36:56,963 |-INFO in ch.qos.logback.classic.LoggerContext[default] - Found resource [logback.xml] at [file:/C:/Users/%d0%92%d0%b8%d0%ba%d1%82%d0%be%d1%80%d0%b8%d1%8f/IdeaProjects/Reactive%20Programming%20Course%202/Reactive%20In%20Action/Crypto%20Tracker/application/build/resources/test/logback.xml]
21:36:56,965 |-WARN in ch.qos.logback.classic.LoggerContext[default] - Resource [logback.xml] occurs multiple times on the classpath.
21:36:56,965 |-WARN in ch.qos.logback.classic.LoggerContext[default] - Resource [logback.xml] occurs at [file:/C:/Users/%d0%92%d0%b8%d0%ba%d1%82%d0%be%d1%80%d0%b8%d1%8f/IdeaProjects/Reactive%20Programming%20Course%202/Reactive%20In%20Action/Crypto%20Tracker/application/build/resources/test/logback.xml]
21:36:56,965 |-WARN in ch.qos.logback.classic.LoggerContext[default] - Resource [logback.xml] occurs at [file:/C:/Users/%d0%92%d0%b8%d0%ba%d1%82%d0%be%d1%80%d0%b8%d1%8f/IdeaProjects/Reactive%20Programming%20Course%202/Reactive%20In%20Action/Crypto%20Tracker/application/build/resources/main/logback.xml]
21:36:57,095 |-INFO in ch.qos.logback.classic.joran.action.ConfigurationAction - debug attribute not set
21:36:57,096 |-INFO in ch.qos.logback.core.joran.action.AppenderAction - About to instantiate appender of type [ch.qos.logback.core.ConsoleAppender]
21:36:57,109 |-INFO in ch.qos.logback.core.joran.action.AppenderAction - Naming appender as [STDOUT]
21:36:57,120 |-INFO in ch.qos.logback.core.joran.action.NestedComplexPropertyIA - Assuming default type [ch.qos.logback.classic.encoder.PatternLayoutEncoder] for [encoder] property
21:36:57,171 |-INFO in ch.qos.logback.classic.joran.action.RootLoggerAction - Setting level of ROOT logger to WARN
21:36:57,171 |-INFO in ch.qos.logback.core.joran.action.AppenderRefAction - Attaching appender named [STDOUT] to Logger[ROOT]
21:36:57,173 |-INFO in ch.qos.logback.classic.joran.action.ConfigurationAction - End of configuration.
21:36:57,174 |-INFO in ch.qos.logback.classic.joran.JoranConfigurator@3faf2e7d - Registering current configuration as safe fallback point

]]></system-out>
  <system-err><![CDATA[]]></system-err>
</testsuite>
