<?xml version="1.0" encoding="UTF-8"?>
<testsuite name="MultipleSourcesTask5Tests" tests="1" skipped="0" failures="0" errors="0" timestamp="2022-11-18T19:00:36" hostname="DESKTOP-9TN79P0" time="0.225">
  <properties/>
  <testcase name="testSolution()" classname="MultipleSourcesTask5Tests" time="0.225"/>
  <system-out><![CDATA[21:00:36.509 [Test worker] DEBUG reactor.util.Loggers - Using Slf4j logging framework
]]></system-out>
  <system-err><![CDATA[]]></system-err>
</testsuite>
