<?xml version="1.0" encoding="UTF-8"?>
<testsuite name="MultipleSourcesTask3Tests" tests="1" skipped="0" failures="0" errors="0" timestamp="2022-11-18T18:59:55" hostname="DESKTOP-9TN79P0" time="0.308">
  <properties/>
  <testcase name="testSolution()" classname="MultipleSourcesTask3Tests" time="0.308"/>
  <system-out><![CDATA[20:59:55.799 [Test worker] DEBUG reactor.util.Loggers - Using Slf4j logging framework
]]></system-out>
  <system-err><![CDATA[]]></system-err>
</testsuite>
