<?xml version="1.0" encoding="UTF-8"?>
<testsuite name="CommonPublishersTask2Tests" tests="1" skipped="0" failures="0" errors="0" timestamp="2022-11-18T18:41:50" hostname="DESKTOP-9TN79P0" time="0.606">
  <properties/>
  <testcase name="testSolution()" classname="CommonPublishersTask2Tests" time="0.606"/>
  <system-out><![CDATA[20:41:51.389 [Test worker] DEBUG reactor.util.Loggers - Using Slf4j logging framework
]]></system-out>
  <system-err><![CDATA[]]></system-err>
</testsuite>
