<?xml version="1.0" encoding="UTF-8"?>
<testsuite name="BackpressureTask3Tests" tests="1" skipped="0" failures="0" errors="0" timestamp="2022-11-18T19:08:09" hostname="DESKTOP-9TN79P0" time="0.27">
  <properties/>
  <testcase name="testSolution()" classname="BackpressureTask3Tests" time="0.27"/>
  <system-out><![CDATA[21:08:09.496 [Test worker] DEBUG reactor.util.Loggers - Using Slf4j logging framework
]]></system-out>
  <system-err><![CDATA[]]></system-err>
</testsuite>
