<?xml version="1.0" encoding="UTF-8"?>
<testsuite name="CPTask2Tests" tests="1" skipped="0" failures="0" errors="0" timestamp="2022-11-18T19:29:35" hostname="DESKTOP-9TN79P0" time="1.826">
  <properties/>
  <testcase name="findVideoTest()" classname="CPTask2Tests" time="1.826"/>
  <system-out><![CDATA[21:29:36.050 [Test worker] DEBUG reactor.util.Loggers - Using Slf4j logging framework
]]></system-out>
  <system-err><![CDATA[]]></system-err>
</testsuite>
