<?xml version="1.0" encoding="UTF-8"?>
<testsuite name="TestingTask1Tests" tests="1" skipped="0" failures="0" errors="0" timestamp="2022-11-18T18:55:19" hostname="DESKTOP-9TN79P0" time="0.558">
  <properties/>
  <testcase name="testSolution()" classname="TestingTask1Tests" time="0.558"/>
  <system-out><![CDATA[20:55:20.036 [Test worker] DEBUG reactor.util.Loggers - Using Slf4j logging framework
]]></system-out>
  <system-err><![CDATA[]]></system-err>
</testsuite>
