<?xml version="1.0" encoding="UTF-8"?>
<testsuite name="ResilienceTask8Tests" tests="4" skipped="0" failures="0" errors="0" timestamp="2022-11-18T19:20:29" hostname="DESKTOP-9TN79P0" time="0.321">
  <properties/>
  <testcase name="testSolution()" classname="ResilienceTask8Tests" time="0.241"/>
  <testcase name="testSolution1()" classname="ResilienceTask8Tests" time="0.003"/>
  <testcase name="testSolution2()" classname="ResilienceTask8Tests" time="0.018"/>
  <testcase name="testSolution3()" classname="ResilienceTask8Tests" time="0.057"/>
  <system-out><![CDATA[21:20:29.699 [Test worker] DEBUG reactor.util.Loggers - Using Slf4j logging framework
]]></system-out>
  <system-err><![CDATA[]]></system-err>
</testsuite>
