<?xml version="1.0" encoding="UTF-8"?>
<testsuite name="CPTask1Tests" tests="2" skipped="0" failures="0" errors="0" timestamp="2022-11-18T19:28:03" hostname="DESKTOP-9TN79P0" time="0.735">
  <properties/>
  <testcase name="findUsersMostExpensivePurchaseTest()" classname="CPTask1Tests" time="0.73"/>
  <testcase name="retrievingTotalPriceTest()" classname="CPTask1Tests" time="0.004"/>
  <system-out><![CDATA[21:28:03.841 [Test worker] DEBUG reactor.util.Loggers - Using Slf4j logging framework
]]></system-out>
  <system-err><![CDATA[]]></system-err>
</testsuite>
