<?xml version="1.0" encoding="UTF-8"?>
<testsuite name="CommonOperatorsTask2Tests" tests="1" skipped="0" failures="0" errors="0" timestamp="2022-11-18T18:49:31" hostname="DESKTOP-9TN79P0" time="0.153">
  <properties/>
  <testcase name="testSolution()" classname="CommonOperatorsTask2Tests" time="0.153"/>
  <system-out><![CDATA[20:49:31.806 [Test worker] DEBUG reactor.util.Loggers - Using Slf4j logging framework
]]></system-out>
  <system-err><![CDATA[]]></system-err>
</testsuite>
