<?xml version="1.0" encoding="UTF-8"?>
<testsuite name="ResilienceTask6Tests" tests="1" skipped="0" failures="0" errors="0" timestamp="2022-11-18T19:19:34" hostname="DESKTOP-9TN79P0" time="0.329">
  <properties/>
  <testcase name="testSolution()" classname="ResilienceTask6Tests" time="0.329"/>
  <system-out><![CDATA[21:19:34.286 [Test worker] DEBUG reactor.util.Loggers - Using Slf4j logging framework
]]></system-out>
  <system-err><![CDATA[Thrown an error [java.lang.ArithmeticException: / by zero] on the following element [0]
]]></system-err>
</testsuite>
