<?xml version="1.0" encoding="UTF-8"?>
<testsuite name="CommonOperatorsTask9Tests" tests="1" skipped="0" failures="0" errors="0" timestamp="2022-11-18T18:53:48" hostname="DESKTOP-9TN79P0" time="0.758">
  <properties/>
  <testcase name="testSolution()" classname="CommonOperatorsTask9Tests" time="0.758"/>
  <system-out><![CDATA[20:53:48.164 [Test worker] DEBUG reactor.util.Loggers - Using Slf4j logging framework
]]></system-out>
  <system-err><![CDATA[]]></system-err>
</testsuite>
