<?xml version="1.0" encoding="UTF-8"?>
<testsuite name="CommonPublishersTask5Tests" tests="1" skipped="0" failures="0" errors="0" timestamp="2022-11-18T18:44:14" hostname="DESKTOP-9TN79P0" time="0.152">
  <properties/>
  <testcase name="testSolution()" classname="CommonPublishersTask5Tests" time="0.152"/>
  <system-out><![CDATA[20:44:14.764 [Test worker] DEBUG reactor.util.Loggers - Using Slf4j logging framework
]]></system-out>
  <system-err><![CDATA[]]></system-err>
</testsuite>
