<?xml version="1.0" encoding="UTF-8"?>
<testsuite name="ResilienceTask7Tests" tests="1" skipped="0" failures="0" errors="0" timestamp="2022-11-18T19:20:00" hostname="DESKTOP-9TN79P0" time="0.253">
  <properties/>
  <testcase name="testSolution()" classname="ResilienceTask7Tests" time="0.253"/>
  <system-out><![CDATA[21:20:00.234 [Test worker] DEBUG reactor.util.Loggers - Using Slf4j logging framework
]]></system-out>
  <system-err><![CDATA[]]></system-err>
</testsuite>
