<?xml version="1.0" encoding="UTF-8"?>
<testsuite name="ResilienceTask4Tests" tests="1" skipped="0" failures="0" errors="0" timestamp="2022-11-18T19:13:34" hostname="DESKTOP-9TN79P0" time="0.418">
  <properties/>
  <testcase name="testSolution()" classname="ResilienceTask4Tests" time="0.418"/>
  <system-out><![CDATA[21:13:34.245 [Test worker] DEBUG reactor.util.Loggers - Using Slf4j logging framework
]]></system-out>
  <system-err><![CDATA[]]></system-err>
</testsuite>
