<?xml version="1.0" encoding="UTF-8"?>
<testsuite name="CommonOperatorsTask11Tests" tests="1" skipped="0" failures="0" errors="0" timestamp="2022-11-18T18:54:44" hostname="DESKTOP-9TN79P0" time="0.208">
  <properties/>
  <testcase name="testSolution()" classname="CommonOperatorsTask11Tests" time="0.208"/>
  <system-out><![CDATA[20:54:44.598 [Test worker] DEBUG reactor.util.Loggers - Using Slf4j logging framework
]]></system-out>
  <system-err><![CDATA[]]></system-err>
</testsuite>
