<?xml version="1.0" encoding="UTF-8"?>
<testsuite name="HnSTask3Tests" tests="1" skipped="0" failures="0" errors="0" timestamp="2022-11-18T19:22:31" hostname="DESKTOP-9TN79P0" time="0.164">
  <properties/>
  <testcase name="testSolution()" classname="HnSTask3Tests" time="0.164"/>
  <system-out><![CDATA[21:22:31.328 [Test worker] DEBUG reactor.util.Loggers - Using Slf4j logging framework
]]></system-out>
  <system-err><![CDATA[]]></system-err>
</testsuite>
