<?xml version="1.0" encoding="UTF-8"?>
<testsuite name="CommonOperatorsTask5Tests" tests="1" skipped="0" failures="0" errors="0" timestamp="2022-11-18T18:51:27" hostname="DESKTOP-9TN79P0" time="0.232">
  <properties/>
  <testcase name="testSolution()" classname="CommonOperatorsTask5Tests" time="0.232"/>
  <system-out><![CDATA[20:51:27.679 [Test worker] DEBUG reactor.util.Loggers - Using Slf4j logging framework
]]></system-out>
  <system-err><![CDATA[]]></system-err>
</testsuite>
