<?xml version="1.0" encoding="UTF-8"?>
<testsuite name="TestingTask3Tests" tests="1" skipped="0" failures="0" errors="0" timestamp="2022-11-18T18:56:44" hostname="DESKTOP-9TN79P0" time="0.213">
  <properties/>
  <testcase name="testSolution()" classname="TestingTask3Tests" time="0.213"/>
  <system-out><![CDATA[20:56:44.704 [Test worker] DEBUG reactor.util.Loggers - Using Slf4j logging framework
]]></system-out>
  <system-err><![CDATA[]]></system-err>
</testsuite>
