<?xml version="1.0" encoding="UTF-8"?>
<testsuite name="ResilienceTask3Tests" tests="1" skipped="0" failures="0" errors="0" timestamp="2022-11-18T19:13:02" hostname="DESKTOP-9TN79P0" time="1.295">
  <properties/>
  <testcase name="testSolution()" classname="ResilienceTask3Tests" time="1.295"/>
  <system-out><![CDATA[21:13:03.631 [Test worker] DEBUG reactor.util.Loggers - Using Slf4j logging framework
]]></system-out>
  <system-err><![CDATA[]]></system-err>
</testsuite>
