<?xml version="1.0" encoding="UTF-8"?>
<testsuite name="CPTask3Tests" tests="1" skipped="0" failures="0" errors="0" timestamp="2022-11-18T19:31:28" hostname="DESKTOP-9TN79P0" time="6.363">
  <properties/>
  <testcase name="findVideoTest()" classname="CPTask3Tests" time="6.363"/>
  <system-out><![CDATA[21:31:28.428 [Test worker] DEBUG reactor.util.Loggers - Using Slf4j logging framework
]]></system-out>
  <system-err><![CDATA[]]></system-err>
</testsuite>
