<?xml version="1.0" encoding="UTF-8"?>
<testsuite name="CommonOperatorsTask8Tests" tests="1" skipped="0" failures="0" errors="0" timestamp="2022-11-18T18:53:08" hostname="DESKTOP-9TN79P0" time="0.314">
  <properties/>
  <testcase name="testSolution()" classname="CommonOperatorsTask8Tests" time="0.314"/>
  <system-out><![CDATA[20:53:09.042 [Test worker] DEBUG reactor.util.Loggers - Using Slf4j logging framework
]]></system-out>
  <system-err><![CDATA[]]></system-err>
</testsuite>
