<?xml version="1.0" encoding="UTF-8"?>
<testsuite name="CommonPublishersTask10Tests" tests="2" skipped="0" failures="0" errors="0" timestamp="2022-11-18T18:47:59" hostname="DESKTOP-9TN79P0" time="0.416">
  <properties/>
  <testcase name="testSolution()" classname="CommonPublishersTask10Tests" time="0.389"/>
  <testcase name="testSolution1()" classname="CommonPublishersTask10Tests" time="0.027"/>
  <system-out><![CDATA[20:47:59.724 [Test worker] DEBUG reactor.util.Loggers - Using Slf4j logging framework
]]></system-out>
  <system-err><![CDATA[]]></system-err>
</testsuite>
